Arguments: 
  C:\Program Files\nodejs\node.exe C:\Users\xincheng\AppData\Roaming\npm\node_modules\yarn\bin\yarn.js

PATH: 
  C:\Program Files (x86)\Intel\iCLS Client\;C:\Program Files\Intel\iCLS Client\;C:\Windows\system32;C:\Windows;C:\Windows\System32\Wbem;C:\Windows\System32\WindowsPowerShell\v1.0\;C:\Program Files (x86)\NVIDIA Corporation\PhysX\Common;C:\Program Files (x86)\Intel\Intel(R) Management Engine Components\DAL;C:\Program Files\Intel\Intel(R) Management Engine Components\DAL;C:\Program Files (x86)\Intel\Intel(R) Management Engine Components\IPT;C:\Program Files\Intel\Intel(R) Management Engine Components\IPT;C:\Program Files\Intel\WiFi\bin\;C:\Program Files\Common Files\Intel\WirelessCommon\;C:\Program Files\Git\cmd;C:\Program Files\TortoiseGit\bin;C:\Program Files\TortoiseSVN\bin;C:\Program Files\nodejs\;D:\Microsoft VS Code\bin;C:\Users\xincheng\AppData\Roaming\npm

Yarn version: 
  1.1.0

Node version: 
  8.9.0

Platform: 
  win32 x64

npm manifest: 
  {
    "name": "yes",
    "version": "1.0.0",
    "description": "",
    "main": "index.js",
    "scripts": {
      "test": "echo \"Error: no test specified\" && exit 1"
    },
    "author": "",
    "license": "ISC",
    "dependencies": {
      "material-ui": "^0.19.4",
      "react": "^16.1.1",
      "react-dom": "^16.1.1",
      "react-router": "^3.2.0",
      "redux": "^3.7.2",
      "redux-actions": "^2.2.1",
      "redux-thunk": "^2.2.0",
      "whatwg-fetch": "^2.0.3"
    },
    "devDependencies": {
      "babel-core": "^6.26.0",
      "babel-loader": "^7.1.2",
      "babel-preset-es2015": "^6.24.1",
      "babel-preset-react": "^6.24.1",
      "babel-preset-stage-1": "^6.24.1",
      "html-webpack-plugin": "^2.30.1",
      "redux-logger": "^3.0.6",
      "webpack": "^3.8.1",
      "webpack-dev-server": "^2.9.4"
    }
  }

yarn manifest: 
  No manifest

Lockfile: 
  No lockfile

Trace: 
  Error: connect ETIMEDOUT 104.16.59.173:443
      at Object._errnoException (util.js:1024:11)
      at _exceptionWithHostPort (util.js:1046:20)
      at TCPConnectWrap.afterConnect [as oncomplete] (net.js:1182:14)
